<?xml version="1.0" encoding="UTF-8"?>
<!-- Generated by org.testng.reporters.JUnitReportReporter -->
<testsuite skipped="0" hostname="DESKTOP-M8M2LU8" name="services.DataReader" tests="1" failures="0" timestamp="2020-05-26T12:51:43 EET" time="0.637" errors="0">
  <testcase name="logindata" time="0.637" classname="services.DataReader"/>
  <system-out/>
</testsuite> <!-- services.DataReader -->
