<?xml version="1.0" encoding="UTF-8"?>
<!-- Generated by org.testng.reporters.JUnitReportReporter -->
<testsuite skipped="0" hostname="DESKTOP-M8M2LU8" name="nopcommerce_packages.EmailFriendTest" tests="4" failures="0" timestamp="2020-05-29T15:19:43 EET" time="23.145" errors="0">
  <testcase name="Successlgoin" time="17.101" classname="nopcommerce_packages.EmailFriendTest"/>
  <system-out/>
  <testcase name="SelectItem" time="2.031" classname="nopcommerce_packages.EmailFriendTest"/>
  <system-out/>
  <testcase name="logout" time="0.097" classname="nopcommerce_packages.EmailFriendTest"/>
  <system-out/>
  <testcase name="EmailaProduct" time="3.916" classname="nopcommerce_packages.EmailFriendTest"/>
  <system-out/>
</testsuite> <!-- nopcommerce_packages.EmailFriendTest -->
