<?xml version="1.0" encoding="UTF-8"?>
<!-- Generated by org.testng.reporters.JUnitReportReporter -->
<testsuite skipped="0" hostname="DESKTOP-M8M2LU8" name="nopcommerce_packages.UserRegestrationTest" tests="1" failures="0" timestamp="2020-05-29T15:19:43 EET" time="8.702" errors="0">
  <testcase name="SuccessRegestration" time="8.702" classname="nopcommerce_packages.UserRegestrationTest"/>
  <system-out/>
</testsuite> <!-- nopcommerce_packages.UserRegestrationTest -->
