<?xml version="1.0" encoding="UTF-8"?>
<!-- Generated by org.testng.reporters.JUnitReportReporter -->
<testsuite skipped="0" hostname="DESKTOP-M8M2LU8" name="nopcommerce_packages.ContactUsTest" tests="1" failures="0" timestamp="2020-05-29T14:54:45 EET" time="4.634" errors="0">
  <testcase name="contact_us" time="4.634" classname="nopcommerce_packages.ContactUsTest"/>
  <system-out/>
</testsuite> <!-- nopcommerce_packages.ContactUsTest -->
